        -:    0:Source:dominion.c
        -:    0:Graph:dominion.gcno
        -:    0:Data:dominion.gcda
        -:    0:Runs:8
        -:    0:Programs:8
        -:    1:#include "dominion.h"
        -:    2:#include "dominion_helpers.h"
        -:    3:#include "rngs.h"
        -:    4:#include <stdio.h>
        -:    5:#include <math.h>
        -:    6:#include <stdlib.h>
        -:    7:
      240:    8:int compare(const void* a, const void* b) {
      240:    9:  if (*(int*)a > *(int*)b)
    #####:   10:    return 1;
      240:   11:  if (*(int*)a < *(int*)b)
       64:   12:    return -1;
      176:   13:  return 0;
        -:   14:}
        -:   15:
    #####:   16:struct gameState* newGame() {
    #####:   17:  struct gameState* g = malloc(sizeof(struct gameState));
    #####:   18:  return g;
        -:   19:}
        -:   20:
    #####:   21:int* kingdomCards(int k1, int k2, int k3, int k4, int k5, int k6, int k7,
        -:   22:		  int k8, int k9, int k10) {
    #####:   23:  int* k = malloc(10 * sizeof(int));
    #####:   24:  k[0] = k1;
    #####:   25:  k[1] = k2;
    #####:   26:  k[2] = k3;
    #####:   27:  k[3] = k4;
    #####:   28:  k[4] = k5;
    #####:   29:  k[5] = k6;
    #####:   30:  k[6] = k7;
    #####:   31:  k[7] = k8;
    #####:   32:  k[8] = k9;
    #####:   33:  k[9] = k10;
    #####:   34:  return k;
        -:   35:}
        -:   36:
        8:   37:int initializeGame(int numPlayers, int kingdomCards[10], int randomSeed,
        -:   38:		   struct gameState *state) {
        -:   39:
        -:   40:  int i;
        -:   41:  int j;
        -:   42:  int it;			
        -:   43:  //set up random number generator
        8:   44:  SelectStream(1);
        8:   45:  PutSeed((long)randomSeed);
        -:   46:  
        -:   47:  //check number of players
        8:   48:  if (numPlayers > MAX_PLAYERS || numPlayers < 2)
        -:   49:    {
    #####:   50:      return -1;
        -:   51:    }
        -:   52:
        -:   53:  //set number of players
        8:   54:  state->numPlayers = numPlayers;
        -:   55:
        -:   56:  //check selected kingdom cards are different
       88:   57:  for (i = 0; i < 10; i++)
        -:   58:    {
      880:   59:      for (j = 0; j < 10; j++)
        -:   60:        {
      800:   61:	  if (j != i && kingdomCards[j] == kingdomCards[i])
        -:   62:	    {
    #####:   63:	      return -1;
        -:   64:	    }
        -:   65:        }
        -:   66:    }
        -:   67:
        -:   68:
        -:   69:  //initialize supply
        -:   70:  ///////////////////////////////
        -:   71:
        -:   72:  //set number of Curse cards
        8:   73:  if (numPlayers == 2)
        -:   74:    {
        8:   75:      state->supplyCount[curse] = 10;
        -:   76:    }
    #####:   77:  else if (numPlayers == 3)
        -:   78:    {
    #####:   79:      state->supplyCount[curse] = 20;
        -:   80:    }
        -:   81:  else
        -:   82:    {
    #####:   83:      state->supplyCount[curse] = 30;
        -:   84:    }
        -:   85:
        -:   86:  //set number of Victory cards
        8:   87:  if (numPlayers == 2)
        -:   88:    {
        8:   89:      state->supplyCount[estate] = 8;
        8:   90:      state->supplyCount[duchy] = 8;
        8:   91:      state->supplyCount[province] = 8;
        -:   92:    }
        -:   93:  else
        -:   94:    {
    #####:   95:      state->supplyCount[estate] = 12;
    #####:   96:      state->supplyCount[duchy] = 12;
    #####:   97:      state->supplyCount[province] = 12;
        -:   98:    }
        -:   99:
        -:  100:  //set number of Treasure cards
        8:  101:  state->supplyCount[copper] = 60 - (7 * numPlayers);
        8:  102:  state->supplyCount[silver] = 40;
        8:  103:  state->supplyCount[gold] = 30;
        -:  104:
        -:  105:  //set number of Kingdom cards
      168:  106:  for (i = adventurer; i <= treasure_map; i++)       	//loop all cards
        -:  107:    {
     1320:  108:      for (j = 0; j < 10; j++)           		//loop chosen cards
        -:  109:	{
     1240:  110:	  if (kingdomCards[j] == i)
        -:  111:	    {
        -:  112:	      //check if card is a 'Victory' Kingdom card
       80:  113:	      if (kingdomCards[j] == great_hall || kingdomCards[j] == gardens)
        -:  114:		{
       16:  115:		  if (numPlayers == 2){ 
        8:  116:		    state->supplyCount[i] = 8; 
        -:  117:		  }
    #####:  118:		  else{ state->supplyCount[i] = 12; }
        -:  119:		}
        -:  120:	      else
        -:  121:		{
       72:  122:		  state->supplyCount[i] = 10;
        -:  123:		}
       80:  124:	      break;
        -:  125:	    }
        -:  126:	  else    //card is not in the set choosen for the game
        -:  127:	    {
     1160:  128:	      state->supplyCount[i] = -1;
        -:  129:	    }
        -:  130:	}
        -:  131:
        -:  132:    }
        -:  133:
        -:  134:  ////////////////////////
        -:  135:  //supply intilization complete
        -:  136:
        -:  137:  //set player decks
       24:  138:  for (i = 0; i < numPlayers; i++)
        -:  139:    {
       16:  140:      state->deckCount[i] = 0;
       64:  141:      for (j = 0; j < 3; j++)
        -:  142:	{
       48:  143:	  state->deck[i][j] = estate;
       48:  144:	  state->deckCount[i]++;
        -:  145:	}
      128:  146:      for (j = 3; j < 10; j++)
        -:  147:	{
      112:  148:	  state->deck[i][j] = copper;
      112:  149:	  state->deckCount[i]++;		
        -:  150:	}
        -:  151:    }
        -:  152:
        -:  153:  //shuffle player decks
       24:  154:  for (i = 0; i < numPlayers; i++)
        -:  155:    {
       16:  156:      if ( shuffle(i, state) < 0 )
        -:  157:	{
    #####:  158:	  return -1;
        -:  159:	}
        -:  160:    }
        -:  161:
        -:  162:  //draw player hands
       24:  163:  for (i = 0; i < numPlayers; i++)
        -:  164:    {  
        -:  165:      //initialize hand size to zero
       16:  166:      state->handCount[i] = 0;
       16:  167:      state->discardCount[i] = 0;
        -:  168:      //draw 5 cards
        -:  169:      // for (j = 0; j < 5; j++)
        -:  170:      //	{
        -:  171:      //	  drawCard(i, state);
        -:  172:      //	}
        -:  173:    }
        -:  174:  
        -:  175:  //set embargo tokens to 0 for all supply piles
      224:  176:  for (i = 0; i <= treasure_map; i++)
        -:  177:    {
      216:  178:      state->embargoTokens[i] = 0;
        -:  179:    }
        -:  180:
        -:  181:  //initialize first player's turn
        8:  182:  state->outpostPlayed = 0;
        8:  183:  state->phase = 0;
        8:  184:  state->numActions = 1;
        8:  185:  state->numBuys = 1;
        8:  186:  state->playedCardCount = 0;
        8:  187:  state->whoseTurn = 0;
        8:  188:  state->handCount[state->whoseTurn] = 0;
        -:  189:  //int it; move to top
        -:  190:
        -:  191:  //Moved draw cards to here, only drawing at the start of a turn
       48:  192:  for (it = 0; it < 5; it++){
       40:  193:    drawCard(state->whoseTurn, state);
        -:  194:  }
        -:  195:
        8:  196:  updateCoins(state->whoseTurn, state, 0);
        -:  197:
        8:  198:  return 0;
        -:  199:}
        -:  200:
     4028:  201:int shuffle(int player, struct gameState *state) {
        -:  202: 
        -:  203:
        -:  204:  int newDeck[MAX_DECK];
     4028:  205:  int newDeckPos = 0;
        -:  206:  int card;
        -:  207:  int i;
        -:  208:
     4028:  209:  if (state->deckCount[player] < 1)
     4012:  210:    return -1;
       16:  211:  qsort ((void*)(state->deck[player]), state->deckCount[player], sizeof(int), compare); 
        -:  212:  /* SORT CARDS IN DECK TO ENSURE DETERMINISM! */
        -:  213:
      192:  214:  while (state->deckCount[player] > 0) {
      160:  215:    card = floor(Random() * state->deckCount[player]);
      160:  216:    newDeck[newDeckPos] = state->deck[player][card];
      160:  217:    newDeckPos++;
      547:  218:    for (i = card; i < state->deckCount[player]-1; i++) {
      387:  219:      state->deck[player][i] = state->deck[player][i+1];
        -:  220:    }
      160:  221:    state->deckCount[player]--;
        -:  222:  }
      176:  223:  for (i = 0; i < newDeckPos; i++) {
      160:  224:    state->deck[player][i] = newDeck[i];
      160:  225:    state->deckCount[player]++;
        -:  226:  }
        -:  227:
       16:  228:  return 0;
        -:  229:}
        -:  230:
    #####:  231:int playCard(int handPos, int choice1, int choice2, int choice3, struct gameState *state) 
        -:  232:{	
        -:  233:  int card;
    #####:  234:  int coin_bonus = 0; 		//tracks coins gain from actions
        -:  235:
        -:  236:  //check if it is the right phase
    #####:  237:  if (state->phase != 0)
        -:  238:    {
    #####:  239:      return -1;
        -:  240:    }
        -:  241:	
        -:  242:  //check if player has enough actions
    #####:  243:  if ( state->numActions < 1 )
        -:  244:    {
    #####:  245:      return -1;
        -:  246:    }
        -:  247:	
        -:  248:  //get card played
    #####:  249:  card = handCard(handPos, state);
        -:  250:	
        -:  251:  //check if selected card is an action
    #####:  252:  if ( card < adventurer || card > treasure_map )
        -:  253:    {
    #####:  254:      return -1;
        -:  255:    }
        -:  256:	
        -:  257:  //play card
    #####:  258:  if ( cardEffect(card, choice1, choice2, choice3, state, handPos, &coin_bonus) < 0 )
        -:  259:    {
    #####:  260:      return -1;
        -:  261:    }
        -:  262:	
        -:  263:  //reduce number of actions
    #####:  264:  state->numActions--;
        -:  265:
        -:  266:  //update coins (Treasure cards may be added with card draws)
    #####:  267:  updateCoins(state->whoseTurn, state, coin_bonus);
        -:  268:	
    #####:  269:  return 0;
        -:  270:}
        -:  271:
    #####:  272:int buyCard(int supplyPos, struct gameState *state) {
        -:  273:  int who;
        -:  274:  if (DEBUG){
        -:  275:    printf("Entering buyCard...\n");
        -:  276:  }
        -:  277:
        -:  278:  // I don't know what to do about the phase thing.
        -:  279:
    #####:  280:  who = state->whoseTurn;
        -:  281:
    #####:  282:  if (state->numBuys < 1){
        -:  283:    if (DEBUG)
        -:  284:      printf("You do not have any buys left\n");
    #####:  285:    return -1;
    #####:  286:  } else if (supplyCount(supplyPos, state) <1){
        -:  287:    if (DEBUG)
        -:  288:      printf("There are not any of that type of card left\n");
    #####:  289:    return -1;
    #####:  290:  } else if (state->coins < getCost(supplyPos)){
        -:  291:    if (DEBUG) 
        -:  292:      printf("You do not have enough money to buy that. You have %d coins.\n", state->coins);
    #####:  293:    return -1;
        -:  294:  } else {
    #####:  295:    state->phase=1;
        -:  296:    //state->supplyCount[supplyPos]--;
    #####:  297:    gainCard(supplyPos, state, 0, who); //card goes in discard, this might be wrong.. (2 means goes into hand, 0 goes into discard)
        -:  298:  
    #####:  299:    state->coins = (state->coins) - (getCost(supplyPos));
    #####:  300:    state->numBuys--;
        -:  301:    if (DEBUG)
        -:  302:      printf("You bought card number %d for %d coins. You now have %d buys and %d coins.\n", supplyPos, getCost(supplyPos), state->numBuys, state->coins);
        -:  303:  }
        -:  304:
        -:  305:  //state->discard[who][state->discardCount[who]] = supplyPos;
        -:  306:  //state->discardCount[who]++;
        -:  307:    
    #####:  308:  return 0;
        -:  309:}
        -:  310:
       12:  311:int numHandCards(struct gameState *state) {
       12:  312:  return state->handCount[ whoseTurn(state) ];
        -:  313:}
        -:  314:
     2018:  315:int handCard(int handPos, struct gameState *state) {
     2018:  316:  int currentPlayer = whoseTurn(state);
     2018:  317:  return state->hand[currentPlayer][handPos];
        -:  318:}
        -:  319:
    #####:  320:int supplyCount(int card, struct gameState *state) {
    #####:  321:  return state->supplyCount[card];
        -:  322:}
        -:  323:
     4000:  324:int fullDeckCount(int player, int card, struct gameState *state) {
        -:  325:  int i;
     4000:  326:  int count = 0;
        -:  327:
    24000:  328:  for (i = 0; i < state->deckCount[player]; i++)
        -:  329:    {
    20000:  330:      if (state->deck[player][i] == card) count++;
        -:  331:    }
        -:  332:
    24000:  333:  for (i = 0; i < state->handCount[player]; i++)
        -:  334:    {
    20000:  335:      if (state->hand[player][i] == card) count++;
        -:  336:    }
        -:  337:
     4000:  338:  for (i = 0; i < state->discardCount[player]; i++)
        -:  339:    {
    #####:  340:      if (state->discard[player][i] == card) count++;
        -:  341:    }
        -:  342:
     4000:  343:  return count;
        -:  344:}
        -:  345:
     9190:  346:int whoseTurn(struct gameState *state) {
     9190:  347:  return state->whoseTurn;
        -:  348:}
        -:  349:
    #####:  350:int endTurn(struct gameState *state) {
        -:  351:  int k;
        -:  352:  int i;
    #####:  353:  int currentPlayer = whoseTurn(state);
        -:  354:  
        -:  355:  //Discard hand
    #####:  356:  for (i = 0; i < state->handCount[currentPlayer]; i++){
    #####:  357:    state->discard[currentPlayer][state->discardCount[currentPlayer]++] = state->hand[currentPlayer][i];//Discard
    #####:  358:    state->hand[currentPlayer][i] = -1;//Set card to -1
        -:  359:  }
    #####:  360:  state->handCount[currentPlayer] = 0;//Reset hand count
        -:  361:    
        -:  362:  //Code for determining the player
    #####:  363:  if (currentPlayer < (state->numPlayers - 1)){ 
    #####:  364:    state->whoseTurn = currentPlayer + 1;//Still safe to increment
        -:  365:  }
        -:  366:  else{
    #####:  367:    state->whoseTurn = 0;//Max player has been reached, loop back around to player 1
        -:  368:  }
        -:  369:
    #####:  370:  state->outpostPlayed = 0;
    #####:  371:  state->phase = 0;
    #####:  372:  state->numActions = 1;
    #####:  373:  state->coins = 0;
    #####:  374:  state->numBuys = 1;
    #####:  375:  state->playedCardCount = 0;
    #####:  376:  state->handCount[state->whoseTurn] = 0;
        -:  377:
        -:  378:  //int k; move to top
        -:  379:  //Next player draws hand
    #####:  380:  for (k = 0; k < 5; k++){
    #####:  381:    drawCard(state->whoseTurn, state);//Draw a card
        -:  382:  }
        -:  383:
        -:  384:  //Update money
    #####:  385:  updateCoins(state->whoseTurn, state , 0);
        -:  386:
    #####:  387:  return 0;
        -:  388:}
        -:  389:
    #####:  390:int isGameOver(struct gameState *state) {
        -:  391:  int i;
        -:  392:  int j;
        -:  393:	
        -:  394:  //if stack of Province cards is empty, the game ends
    #####:  395:  if (state->supplyCount[province] == 0)
        -:  396:    {
    #####:  397:      return 1;
        -:  398:    }
        -:  399:
        -:  400:  //if three supply pile are at 0, the game ends
    #####:  401:  j = 0;
    #####:  402:  for (i = 0; i < 25; i++)
        -:  403:    {
    #####:  404:      if (state->supplyCount[i] == 0)
        -:  405:	{
    #####:  406:	  j++;
        -:  407:	}
        -:  408:    }
    #####:  409:  if ( j >= 3)
        -:  410:    {
    #####:  411:      return 1;
        -:  412:    }
        -:  413:
    #####:  414:  return 0;
        -:  415:}
        -:  416:
    #####:  417:int scoreFor (int player, struct gameState *state) {
        -:  418:
        -:  419:  int i;
    #####:  420:  int score = 0;
        -:  421:  //score from hand
    #####:  422:  for (i = 0; i < state->handCount[player]; i++)
        -:  423:    {
    #####:  424:      if (state->hand[player][i] == curse) { score = score - 1; };
    #####:  425:      if (state->hand[player][i] == estate) { score = score + 1; };
    #####:  426:      if (state->hand[player][i] == duchy) { score = score + 3; };
    #####:  427:      if (state->hand[player][i] == province) { score = score + 6; };
    #####:  428:      if (state->hand[player][i] == great_hall) { score = score + 1; };
    #####:  429:      if (state->hand[player][i] == gardens) { score = score + ( fullDeckCount(player, 0, state) / 10 ); };
        -:  430:    }
        -:  431:
        -:  432:  //score from discard
    #####:  433:  for (i = 0; i < state->discardCount[player]; i++)
        -:  434:    {
    #####:  435:      if (state->discard[player][i] == curse) { score = score - 1; };
    #####:  436:      if (state->discard[player][i] == estate) { score = score + 1; };
    #####:  437:      if (state->discard[player][i] == duchy) { score = score + 3; };
    #####:  438:      if (state->discard[player][i] == province) { score = score + 6; };
    #####:  439:      if (state->discard[player][i] == great_hall) { score = score + 1; };
    #####:  440:      if (state->discard[player][i] == gardens) { score = score + ( fullDeckCount(player, 0, state) / 10 ); };
        -:  441:    }
        -:  442:
        -:  443:  //score from deck
    #####:  444:  for (i = 0; i < state->discardCount[player]; i++)
        -:  445:    {
    #####:  446:      if (state->deck[player][i] == curse) { score = score - 1; };
    #####:  447:      if (state->deck[player][i] == estate) { score = score + 1; };
    #####:  448:      if (state->deck[player][i] == duchy) { score = score + 3; };
    #####:  449:      if (state->deck[player][i] == province) { score = score + 6; };
    #####:  450:      if (state->deck[player][i] == great_hall) { score = score + 1; };
    #####:  451:      if (state->deck[player][i] == gardens) { score = score + ( fullDeckCount(player, 0, state) / 10 ); };
        -:  452:    }
        -:  453:
    #####:  454:  return score;
        -:  455:}
        -:  456:
    #####:  457:int getWinners(int players[MAX_PLAYERS], struct gameState *state) {
        -:  458:  int i;	
        -:  459:  int j;
        -:  460:  int highScore;
        -:  461:  int currentPlayer;
        -:  462:
        -:  463:  //get score for each player
    #####:  464:  for (i = 0; i < MAX_PLAYERS; i++)
        -:  465:    {
        -:  466:      //set unused player scores to -9999
    #####:  467:      if (i >= state->numPlayers)
        -:  468:	{
    #####:  469:	  players[i] = -9999;
        -:  470:	}
        -:  471:      else
        -:  472:	{
    #####:  473:	  players[i] = scoreFor (i, state);
        -:  474:	}
        -:  475:    }
        -:  476:
        -:  477:  //find highest score
    #####:  478:  j = 0;
    #####:  479:  for (i = 0; i < MAX_PLAYERS; i++)
        -:  480:    {
    #####:  481:      if (players[i] > players[j])
        -:  482:	{
    #####:  483:	  j = i;
        -:  484:	}
        -:  485:    }
    #####:  486:  highScore = players[j];
        -:  487:
        -:  488:  //add 1 to players who had less turns
    #####:  489:  currentPlayer = whoseTurn(state);
    #####:  490:  for (i = 0; i < MAX_PLAYERS; i++)
        -:  491:    {
    #####:  492:      if ( players[i] == highScore && i > currentPlayer )
        -:  493:	{
    #####:  494:	  players[i]++;
        -:  495:	}
        -:  496:    }
        -:  497:
        -:  498:  //find new highest score
    #####:  499:  j = 0;
    #####:  500:  for (i = 0; i < MAX_PLAYERS; i++)
        -:  501:    {
    #####:  502:      if ( players[i] > players[j] )
        -:  503:	{
    #####:  504:	  j = i;
        -:  505:	}
        -:  506:    }
    #####:  507:  highScore = players[j];
        -:  508:
        -:  509:  //set winners in array to 1 and rest to 0
    #####:  510:  for (i = 0; i < MAX_PLAYERS; i++)
        -:  511:    {
    #####:  512:      if ( players[i] == highScore )
        -:  513:	{
    #####:  514:	  players[i] = 1;
        -:  515:	}
        -:  516:      else
        -:  517:	{
    #####:  518:	  players[i] = 0;
        -:  519:	}
        -:  520:    }
        -:  521:
    #####:  522:  return 0;
        -:  523:}
        -:  524:
    28316:  525:int drawCard(int player, struct gameState *state)
        -:  526:{	int count;
        -:  527:  int deckCounter;
    28316:  528:  if (state->deckCount[player] <= 0){//Deck is empty
        -:  529:    
        -:  530:    //Step 1 Shuffle the discard pile back into a deck
        -:  531:    int i;
        -:  532:    //Move discard to deck
     2006:  533:    for (i = 0; i < state->discardCount[player];i++){
    #####:  534:      state->deck[player][i] = state->discard[player][i];
    #####:  535:      state->discard[player][i] = -1;
        -:  536:    }
        -:  537:
     2006:  538:    state->deckCount[player] = state->discardCount[player];
     2006:  539:    state->discardCount[player] = 0;//Reset discard
        -:  540:
        -:  541:    //Shufffle the deck
     2006:  542:    shuffle(player, state);//Shuffle the deck up and make it so that we can draw
        -:  543:   
        -:  544:    if (DEBUG){//Debug statements
        -:  545:      printf("Deck count now: %d\n", state->deckCount[player]);
        -:  546:    }
        -:  547:    
     2006:  548:    state->discardCount[player] = 0;
        -:  549:
        -:  550:    //Step 2 Draw Card
     2006:  551:    count = state->handCount[player];//Get current player's hand count
        -:  552:    
        -:  553:    if (DEBUG){//Debug statements
        -:  554:      printf("Current hand count: %d\n", count);
        -:  555:    }
        -:  556:    
     2006:  557:    deckCounter = state->deckCount[player];//Create a holder for the deck count
        -:  558:
     2006:  559:    if (deckCounter == 0)
     2006:  560:      return -1;
        -:  561:
    #####:  562:    state->hand[player][count] = state->deck[player][deckCounter - 1];//Add card to hand
    #####:  563:    state->deckCount[player]--;
    #####:  564:    state->handCount[player]++;//Increment hand count
        -:  565:  }
        -:  566:
        -:  567:  else{
    26310:  568:    int count = state->handCount[player];//Get current hand count for player
        -:  569:    int deckCounter;
        -:  570:    if (DEBUG){//Debug statements
        -:  571:      printf("Current hand count: %d\n", count);
        -:  572:    }
        -:  573:
    26310:  574:    deckCounter = state->deckCount[player];//Create holder for the deck count
    26310:  575:    state->hand[player][count] = state->deck[player][deckCounter - 1];//Add card to the hand
    26310:  576:    state->deckCount[player]--;
    26310:  577:    state->handCount[player]++;//Increment hand count
        -:  578:  }
        -:  579:
    26310:  580:  return 0;
        -:  581:}
        -:  582:
    #####:  583:int getCost(int cardNumber)
        -:  584:{
    #####:  585:  switch( cardNumber ) 
        -:  586:    {
        -:  587:    case curse:
    #####:  588:      return 0;
        -:  589:    case estate:
    #####:  590:      return 2;
        -:  591:    case duchy:
    #####:  592:      return 5;
        -:  593:    case province:
    #####:  594:      return 8;
        -:  595:    case copper:
    #####:  596:      return 0;
        -:  597:    case silver:
    #####:  598:      return 3;
        -:  599:    case gold:
    #####:  600:      return 6;
        -:  601:    case adventurer:
    #####:  602:      return 6;
        -:  603:    case council_room:
    #####:  604:      return 5;
        -:  605:    case feast:
    #####:  606:      return 4;
        -:  607:    case gardens:
    #####:  608:      return 4;
        -:  609:    case mine:
    #####:  610:      return 5;
        -:  611:    case remodel:
    #####:  612:      return 4;
        -:  613:    case smithy:
    #####:  614:      return 4;
        -:  615:    case village:
    #####:  616:      return 3;
        -:  617:    case baron:
    #####:  618:      return 4;
        -:  619:    case great_hall:
    #####:  620:      return 3;
        -:  621:    case minion:
    #####:  622:      return 5;
        -:  623:    case steward:
    #####:  624:      return 3;
        -:  625:    case tribute:
    #####:  626:      return 5;
        -:  627:    case ambassador:
    #####:  628:      return 3;
        -:  629:    case cutpurse:
    #####:  630:      return 4;
        -:  631:    case embargo: 
    #####:  632:      return 2;
        -:  633:    case outpost:
    #####:  634:      return 5;
        -:  635:    case salvager:
    #####:  636:      return 4;
        -:  637:    case sea_hag:
    #####:  638:      return 4;
        -:  639:    case treasure_map:
    #####:  640:      return 4;
        -:  641:    }
        -:  642:	
    #####:  643:  return -1;
        -:  644:}
        -:  645:
     6154:  646:int cardEffect(int card, int choice1, int choice2, int choice3, struct gameState *state, int handPos, int *bonus)
        -:  647:{
        -:  648:  int i;
        -:  649:  int j;
        -:  650:  int k;
        -:  651:  int x;
        -:  652:  int index;
     6154:  653:  int currentPlayer = whoseTurn(state);
     6154:  654:  int nextPlayer = currentPlayer + 1;
        -:  655:
     6154:  656:  int tributeRevealedCards[2] = {-1, -1};
        -:  657:  int temphand[MAX_HAND];// moved above the if statement
     6154:  658:  int drawntreasure=0;
        -:  659:  // int cardDrawn;   // Only used for Adventurer, defined variable in effectAdventurer() instead
        -:  660:  //int z = 0;// this is the counter for the temp hand, only used for Adventurer, moved to effectAdventurer()
     6154:  661:  if (nextPlayer > (state->numPlayers - 1)){
    #####:  662:    nextPlayer = 0;
        -:  663:  }
        -:  664:  
        -:  665:	
        -:  666:  //uses switch to select card and perform actions
     6154:  667:  switch( card ) 
        -:  668:    {
        -:  669:    case adventurer:
     1003:  670:      return effectAdventurer(currentPlayer, drawntreasure, state, temphand);
        -:  671:			
        -:  672:    case council_room:
     3051:  673:      return effectCouncilRoom(state, currentPlayer, handPos);
        -:  674:			
        -:  675:    case feast:
        -:  676:      //gain card with cost up to 5
        -:  677:      //Backup hand
    #####:  678:      for (i = 0; i <= state->handCount[currentPlayer]; i++){
    #####:  679:	temphand[i] = state->hand[currentPlayer][i];//Backup card
    #####:  680:	state->hand[currentPlayer][i] = -1;//Set to nothing
        -:  681:      }
        -:  682:      //Backup hand
        -:  683:
        -:  684:      //Update Coins for Buy
    #####:  685:      updateCoins(currentPlayer, state, 5);
    #####:  686:      x = 1;//Condition to loop on
    #####:  687:      while( x == 1) {//Buy one card
    #####:  688:	if (supplyCount(choice1, state) <= 0){
        -:  689:	  if (DEBUG)
        -:  690:	    printf("None of that card left, sorry!\n");
        -:  691:
        -:  692:	  if (DEBUG){
        -:  693:	    printf("Cards Left: %d\n", supplyCount(choice1, state));
        -:  694:	  }
        -:  695:	}
    #####:  696:	else if (state->coins < getCost(choice1)){
    #####:  697:	  printf("That card is too expensive!\n");
        -:  698:
        -:  699:	  if (DEBUG){
        -:  700:	    printf("Coins: %d < %d\n", state->coins, getCost(choice1));
        -:  701:	  }
        -:  702:	}
        -:  703:	else{
        -:  704:
        -:  705:	  if (DEBUG){
        -:  706:	    printf("Deck Count: %d\n", state->handCount[currentPlayer] + state->deckCount[currentPlayer] + state->discardCount[currentPlayer]);
        -:  707:	  }
        -:  708:
    #####:  709:	  gainCard(choice1, state, 0, currentPlayer);//Gain the card
    #####:  710:	  x = 0;//No more buying cards
        -:  711:
        -:  712:	  if (DEBUG){
        -:  713:	    printf("Deck Count: %d\n", state->handCount[currentPlayer] + state->deckCount[currentPlayer] + state->discardCount[currentPlayer]);
        -:  714:	  }
        -:  715:
        -:  716:	}
        -:  717:      }     
        -:  718:
        -:  719:      //Reset Hand
    #####:  720:      for (i = 0; i <= state->handCount[currentPlayer]; i++){
    #####:  721:	state->hand[currentPlayer][i] = temphand[i];
    #####:  722:	temphand[i] = -1;
        -:  723:      }
        -:  724:      //Reset Hand
        -:  725:      			
    #####:  726:      return 0;
        -:  727:			
        -:  728:    case gardens:
    #####:  729:      return -1;
        -:  730:			
        -:  731:    case mine:
    #####:  732:      j = state->hand[currentPlayer][choice1];  //store card we will trash
        -:  733:
    #####:  734:      if (state->hand[currentPlayer][choice1] < copper || state->hand[currentPlayer][choice1] > gold)
        -:  735:	{
    #####:  736:	  return -1;
        -:  737:	}
        -:  738:		
    #####:  739:      if (choice2 > treasure_map || choice2 < curse)
        -:  740:	{
    #####:  741:	  return -1;
        -:  742:	}
        -:  743:
    #####:  744:      if ( (getCost(state->hand[currentPlayer][choice1]) + 3) > getCost(choice2) )
        -:  745:	{
    #####:  746:	  return -1;
        -:  747:	}
        -:  748:
    #####:  749:      gainCard(choice2, state, 2, currentPlayer);
        -:  750:
        -:  751:      //discard card from hand
    #####:  752:      discardCard(handPos, currentPlayer, state, 0);
        -:  753:
        -:  754:      //discard trashed card
    #####:  755:      for (i = 0; i < state->handCount[currentPlayer]; i++)
        -:  756:	{
    #####:  757:	  if (state->hand[currentPlayer][i] == j)
        -:  758:	    {
    #####:  759:	      discardCard(i, currentPlayer, state, 0);			
    #####:  760:	      break;
        -:  761:	    }
        -:  762:	}
        -:  763:			
    #####:  764:      return 0;
        -:  765:			
        -:  766:    case remodel:
    #####:  767:      j = state->hand[currentPlayer][choice1];  //store card we will trash
        -:  768:
    #####:  769:      if ( (getCost(state->hand[currentPlayer][choice1]) + 2) > getCost(choice2) )
        -:  770:	{
    #####:  771:	  return -1;
        -:  772:	}
        -:  773:
    #####:  774:      gainCard(choice2, state, 0, currentPlayer);
        -:  775:
        -:  776:      //discard card from hand
    #####:  777:      discardCard(handPos, currentPlayer, state, 0);
        -:  778:
        -:  779:      //discard trashed card
    #####:  780:      for (i = 0; i < state->handCount[currentPlayer]; i++)
        -:  781:	{
    #####:  782:	  if (state->hand[currentPlayer][i] == j)
        -:  783:	    {
    #####:  784:	      discardCard(i, currentPlayer, state, 0);			
    #####:  785:	      break;
        -:  786:	    }
        -:  787:	}
        -:  788:
        -:  789:
    #####:  790:      return 0;
        -:  791:		
        -:  792:    case smithy:
     2000:  793:      return effectSmithy(state, currentPlayer, handPos);
        -:  794:		
        -:  795:    case village:
        -:  796:      //+1 Card
    #####:  797:      drawCard(currentPlayer, state);
        -:  798:			
        -:  799:      //+2 Actions
    #####:  800:      state->numActions = state->numActions + 2;
        -:  801:			
        -:  802:      //discard played card from hand
    #####:  803:      discardCard(handPos, currentPlayer, state, 0);
    #####:  804:      return 0;
        -:  805:		
        -:  806:    case baron:
    #####:  807:      return effectBaron(state, choice1, currentPlayer);
        -:  808:		
        -:  809:    case great_hall:
        -:  810:      //+1 Card
    #####:  811:      drawCard(currentPlayer, state);
        -:  812:			
        -:  813:      //+1 Actions
    #####:  814:      state->numActions++;
        -:  815:			
        -:  816:      //discard card from hand
    #####:  817:      discardCard(handPos, currentPlayer, state, 0);
    #####:  818:      return 0;
        -:  819:		
        -:  820:    case minion:
        -:  821:      //+1 action
    #####:  822:      state->numActions++;
        -:  823:			
        -:  824:      //discard card from hand
    #####:  825:      discardCard(handPos, currentPlayer, state, 0);
        -:  826:			
    #####:  827:      if (choice1)		//+2 coins
        -:  828:	{
    #####:  829:	  state->coins = state->coins + 2;
        -:  830:	}
        -:  831:			
    #####:  832:      else if (choice2)		//discard hand, redraw 4, other players with 5+ cards discard hand and draw 4
        -:  833:	{
        -:  834:	  //discard hand
    #####:  835:	  while(numHandCards(state) > 0)
        -:  836:	    {
    #####:  837:	      discardCard(handPos, currentPlayer, state, 0);
        -:  838:	    }
        -:  839:				
        -:  840:	  //draw 4
    #####:  841:	  for (i = 0; i < 4; i++)
        -:  842:	    {
    #####:  843:	      drawCard(currentPlayer, state);
        -:  844:	    }
        -:  845:				
        -:  846:	  //other players discard hand and redraw if hand size > 4
    #####:  847:	  for (i = 0; i < state->numPlayers; i++)
        -:  848:	    {
    #####:  849:	      if (i != currentPlayer)
        -:  850:		{
    #####:  851:		  if ( state->handCount[i] > 4 )
        -:  852:		    {
        -:  853:		      //discard hand
    #####:  854:		      while( state->handCount[i] > 0 )
        -:  855:			{
    #####:  856:			  discardCard(handPos, i, state, 0);
        -:  857:			}
        -:  858:							
        -:  859:		      //draw 4
    #####:  860:		      for (j = 0; j < 4; j++)
        -:  861:			{
    #####:  862:			  drawCard(i, state);
        -:  863:			}
        -:  864:		    }
        -:  865:		}
        -:  866:	    }
        -:  867:				
        -:  868:	}
    #####:  869:      return 0;
        -:  870:		
        -:  871:    case steward:
    #####:  872:      return effectSteward(state, choice1, choice2, choice3, currentPlayer, handPos);
        -:  873:		
        -:  874:    case tribute:
    #####:  875:      if ((state->discardCount[nextPlayer] + state->deckCount[nextPlayer]) <= 1){
    #####:  876:	if (state->deckCount[nextPlayer] > 0){
    #####:  877:	  tributeRevealedCards[0] = state->deck[nextPlayer][state->deckCount[nextPlayer]-1];
    #####:  878:	  state->deckCount[nextPlayer]--;
        -:  879:	}
    #####:  880:	else if (state->discardCount[nextPlayer] > 0){
    #####:  881:	  tributeRevealedCards[0] = state->discard[nextPlayer][state->discardCount[nextPlayer]-1];
    #####:  882:	  state->discardCount[nextPlayer]--;
        -:  883:	}
        -:  884:	else{
        -:  885:	  //No Card to Reveal
        -:  886:	  if (DEBUG){
        -:  887:	    printf("No cards to reveal\n");
        -:  888:	  }
        -:  889:	}
        -:  890:      }
        -:  891:	    
        -:  892:      else{
    #####:  893:	if (state->deckCount[nextPlayer] == 0){
    #####:  894:	  for (i = 0; i < state->discardCount[nextPlayer]; i++){
    #####:  895:	    state->deck[nextPlayer][i] = state->discard[nextPlayer][i];//Move to deck
    #####:  896:	    state->deckCount[nextPlayer]++;
    #####:  897:	    state->discard[nextPlayer][i] = -1;
    #####:  898:	    state->discardCount[nextPlayer]--;
        -:  899:	  }
        -:  900:			    
    #####:  901:	  shuffle(nextPlayer,state);//Shuffle the deck
        -:  902:	} 
    #####:  903:	tributeRevealedCards[0] = state->deck[nextPlayer][state->deckCount[nextPlayer]-1];
    #####:  904:	state->deck[nextPlayer][state->deckCount[nextPlayer]--] = -1;
    #####:  905:	state->deckCount[nextPlayer]--;
    #####:  906:	tributeRevealedCards[1] = state->deck[nextPlayer][state->deckCount[nextPlayer]-1];
    #####:  907:	state->deck[nextPlayer][state->deckCount[nextPlayer]--] = -1;
    #####:  908:	state->deckCount[nextPlayer]--;
        -:  909:      }    
        -:  910:		       
    #####:  911:      if (tributeRevealedCards[0] == tributeRevealedCards[1]){//If we have a duplicate card, just drop one 
    #####:  912:	state->playedCards[state->playedCardCount] = tributeRevealedCards[1];
    #####:  913:	state->playedCardCount++;
    #####:  914:	tributeRevealedCards[1] = -1;
        -:  915:      }
        -:  916:
    #####:  917:      for (i = 0; i <= 2; i ++){
    #####:  918:	if (tributeRevealedCards[i] == copper || tributeRevealedCards[i] == silver || tributeRevealedCards[i] == gold){//Treasure cards
    #####:  919:	  state->coins += 2;
        -:  920:	}
        -:  921:		    
    #####:  922:	else if (tributeRevealedCards[i] == estate || tributeRevealedCards[i] == duchy || tributeRevealedCards[i] == province || tributeRevealedCards[i] == gardens || tributeRevealedCards[i] == great_hall){//Victory Card Found
    #####:  923:	  drawCard(currentPlayer, state);
    #####:  924:	  drawCard(currentPlayer, state);
        -:  925:	}
        -:  926:	else{//Action Card
    #####:  927:	  state->numActions = state->numActions + 2;
        -:  928:	}
        -:  929:      }
        -:  930:	    
    #####:  931:      return 0;
        -:  932:		
        -:  933:    case ambassador:
    #####:  934:      j = 0;		//used to check if player has enough cards to discard
        -:  935:
    #####:  936:      if (choice2 > 2 || choice2 < 0)
        -:  937:	{
    #####:  938:	  return -1;				
        -:  939:	}
        -:  940:
    #####:  941:      if (choice1 == handPos)
        -:  942:	{
    #####:  943:	  return -1;
        -:  944:	}
        -:  945:
    #####:  946:      for (i = 0; i < state->handCount[currentPlayer]; i++)
        -:  947:	{
    #####:  948:	  if (i != handPos && i == state->hand[currentPlayer][choice1] && i != choice1)
        -:  949:	    {
    #####:  950:	      j++;
        -:  951:	    }
        -:  952:	}
    #####:  953:      if (j < choice2)
        -:  954:	{
    #####:  955:	  return -1;				
        -:  956:	}
        -:  957:
        -:  958:      if (DEBUG) 
        -:  959:	printf("Player %d reveals card number: %d\n", currentPlayer, state->hand[currentPlayer][choice1]);
        -:  960:
        -:  961:      //increase supply count for choosen card by amount being discarded
    #####:  962:      state->supplyCount[state->hand[currentPlayer][choice1]] += choice2;
        -:  963:			
        -:  964:      //each other player gains a copy of revealed card
    #####:  965:      for (i = 0; i < state->numPlayers; i++)
        -:  966:	{
    #####:  967:	  if (i != currentPlayer)
        -:  968:	    {
    #####:  969:	      gainCard(state->hand[currentPlayer][choice1], state, 0, i);
        -:  970:	    }
        -:  971:	}
        -:  972:
        -:  973:      //discard played card from hand
    #####:  974:      discardCard(handPos, currentPlayer, state, 0);			
        -:  975:
        -:  976:      //trash copies of cards returned to supply
    #####:  977:      for (j = 0; j < choice2; j++)
        -:  978:	{
    #####:  979:	  for (i = 0; i < state->handCount[currentPlayer]; i++)
        -:  980:	    {
    #####:  981:	      if (state->hand[currentPlayer][i] == state->hand[currentPlayer][choice1])
        -:  982:		{
    #####:  983:		  discardCard(i, currentPlayer, state, 1);
    #####:  984:		  break;
        -:  985:		}
        -:  986:	    }
        -:  987:	}			
        -:  988:
    #####:  989:      return 0;
        -:  990:		
        -:  991:    case cutpurse:
        -:  992:
      100:  993:      updateCoins(currentPlayer, state, 2);
      300:  994:      for (i = 0; i < state->numPlayers; i++)
        -:  995:	{
      200:  996:	  if (i != currentPlayer)
        -:  997:	    {
      180:  998:	      for (j = 0; j < state->handCount[i]; j++)
        -:  999:		{
    #####: 1000:		  if (state->hand[i][j] == copper)
        -: 1001:		    {
    #####: 1002:		      discardCard(j, i, state, 0);
    #####: 1003:		      break;
        -: 1004:		    }
    #####: 1005:		  if (j == state->handCount[i])
        -: 1006:		    {
    #####: 1007:		      for (k = 0; k < state->handCount[i]; k++)
        -: 1008:			{
        -: 1009:			  if (DEBUG)
        -: 1010:			    printf("Player %d reveals card number %d\n", i, state->hand[i][k]);
        -: 1011:			}	
    #####: 1012:		      break;
        -: 1013:		    }		
        -: 1014:		}
        -: 1015:					
        -: 1016:	    }
        -: 1017:				
        -: 1018:	}				
        -: 1019:
        -: 1020:      //discard played card from hand
      100: 1021:      discardCard(handPos, currentPlayer, state, 0);			
        -: 1022:
      100: 1023:      return 0;
        -: 1024:
        -: 1025:		
        -: 1026:    case embargo: 
        -: 1027:      //+2 Coins
    #####: 1028:      state->coins = state->coins + 2;
        -: 1029:			
        -: 1030:      //see if selected pile is in play
    #####: 1031:      if ( state->supplyCount[choice1] == -1 )
        -: 1032:	{
    #####: 1033:	  return -1;
        -: 1034:	}
        -: 1035:			
        -: 1036:      //add embargo token to selected supply pile
    #####: 1037:      state->embargoTokens[choice1]++;
        -: 1038:			
        -: 1039:      //trash card
    #####: 1040:      discardCard(handPos, currentPlayer, state, 1);		
    #####: 1041:      return 0;
        -: 1042:		
        -: 1043:    case outpost:
        -: 1044:      //set outpost flag
    #####: 1045:      state->outpostPlayed++;
        -: 1046:			
        -: 1047:      //discard card
    #####: 1048:      discardCard(handPos, currentPlayer, state, 0);
    #####: 1049:      return 0;
        -: 1050:		
        -: 1051:    case salvager:
        -: 1052:      //+1 buy
    #####: 1053:      state->numBuys++;
        -: 1054:			
    #####: 1055:      if (choice1)
        -: 1056:	{
        -: 1057:	  //gain coins equal to trashed card
    #####: 1058:	  state->coins = state->coins + getCost( handCard(choice1, state) );
        -: 1059:	  //trash card
    #####: 1060:	  discardCard(choice1, currentPlayer, state, 1);	
        -: 1061:	}
        -: 1062:			
        -: 1063:      //discard card
    #####: 1064:      discardCard(handPos, currentPlayer, state, 0);
    #####: 1065:      return 0;
        -: 1066:		
        -: 1067:    case sea_hag:
    #####: 1068:      for (i = 0; i < state->numPlayers; i++){
    #####: 1069:	if (i != currentPlayer){
    #####: 1070:	  state->discard[i][state->discardCount[i]] = state->deck[i][state->deckCount[i]--];			    state->deckCount[i]--;
    #####: 1071:	  state->discardCount[i]++;
    #####: 1072:	  state->deck[i][state->deckCount[i]--] = curse;//Top card now a curse
        -: 1073:	}
        -: 1074:      }
    #####: 1075:      return 0;
        -: 1076:		
        -: 1077:    case treasure_map:
        -: 1078:      //search hand for another treasure_map
    #####: 1079:      index = -1;
    #####: 1080:      for (i = 0; i < state->handCount[currentPlayer]; i++)
        -: 1081:	{
    #####: 1082:	  if (state->hand[currentPlayer][i] == treasure_map && i != handPos)
        -: 1083:	    {
    #####: 1084:	      index = i;
    #####: 1085:	      break;
        -: 1086:	    }
        -: 1087:	}
    #####: 1088:      if (index > -1)
        -: 1089:	{
        -: 1090:	  //trash both treasure cards
    #####: 1091:	  discardCard(handPos, currentPlayer, state, 1);
    #####: 1092:	  discardCard(index, currentPlayer, state, 1);
        -: 1093:
        -: 1094:	  //gain 4 Gold cards
    #####: 1095:	  for (i = 0; i < 4; i++)
        -: 1096:	    {
    #####: 1097:	      gainCard(gold, state, 1, currentPlayer);
        -: 1098:	    }
        -: 1099:				
        -: 1100:	  //return success
    #####: 1101:	  return 1;
        -: 1102:	}
        -: 1103:			
        -: 1104:      //no second treasure_map found in hand
    #####: 1105:      return -1;
        -: 1106:    }
        -: 1107:	
    #####: 1108:  return -1;
        -: 1109:}
        -: 1110:
     5151: 1111:int discardCard(int handPos, int currentPlayer, struct gameState *state, int trashFlag)
        -: 1112:{
        -: 1113:	
        -: 1114:  //if card is not trashed, added to Played pile 
     5151: 1115:  if (trashFlag < 1)
        -: 1116:    {
        -: 1117:      //add card to played pile
     5151: 1118:      state->playedCards[state->playedCardCount] = state->hand[currentPlayer][handPos]; 
     5151: 1119:      state->playedCardCount++;
        -: 1120:    }
        -: 1121:	
        -: 1122:  //set played card to -1
     5151: 1123:  state->hand[currentPlayer][handPos] = -1;
        -: 1124:	
        -: 1125:  //remove card from player's hand
     5151: 1126:  if ( handPos == (state->handCount[currentPlayer] - 1) ) 	//last card in hand array is played
        -: 1127:    {
        -: 1128:      //reduce number of cards in hand
        2: 1129:      state->handCount[currentPlayer]--;
        -: 1130:    }
     5149: 1131:  else if ( state->handCount[currentPlayer] == 1 ) //only one card in hand
        -: 1132:    {
        -: 1133:      //reduce number of cards in hand
    #####: 1134:      state->handCount[currentPlayer]--;
        -: 1135:    }
        -: 1136:  else 	
        -: 1137:    {
        -: 1138:      //replace discarded card with last card in hand
     5149: 1139:      state->hand[currentPlayer][handPos] = state->hand[currentPlayer][ (state->handCount[currentPlayer] - 1)];
        -: 1140:      //set last card to -1
     5149: 1141:      state->hand[currentPlayer][state->handCount[currentPlayer] - 1] = -1;
        -: 1142:      //reduce number of cards in hand
     5149: 1143:      state->handCount[currentPlayer]--;
        -: 1144:    }
        -: 1145:	
     5151: 1146:  return 0;
        -: 1147:}
        -: 1148:
    #####: 1149:int gainCard(int supplyPos, struct gameState *state, int toFlag, int player)
        -: 1150:{
        -: 1151:  //Note: supplyPos is enum of choosen card
        -: 1152:	
        -: 1153:  //check if supply pile is empty (0) or card is not used in game (-1)
    #####: 1154:  if ( supplyCount(supplyPos, state) < 1 )
        -: 1155:    {
    #####: 1156:      return -1;
        -: 1157:    }
        -: 1158:	
        -: 1159:  //added card for [whoseTurn] current player:
        -: 1160:  // toFlag = 0 : add to discard
        -: 1161:  // toFlag = 1 : add to deck
        -: 1162:  // toFlag = 2 : add to hand
        -: 1163:
    #####: 1164:  if (toFlag == 1)
        -: 1165:    {
    #####: 1166:      state->deck[ player ][ state->deckCount[player] ] = supplyPos;
    #####: 1167:      state->deckCount[player]++;
        -: 1168:    }
    #####: 1169:  else if (toFlag == 2)
        -: 1170:    {
    #####: 1171:      state->hand[ player ][ state->handCount[player] ] = supplyPos;
    #####: 1172:      state->handCount[player]++;
        -: 1173:    }
        -: 1174:  else
        -: 1175:    {
    #####: 1176:      state->discard[player][ state->discardCount[player] ] = supplyPos;
    #####: 1177:      state->discardCount[player]++;
        -: 1178:    }
        -: 1179:	
        -: 1180:  //decrease number in supply pile
    #####: 1181:  state->supplyCount[supplyPos]--;
        -: 1182:	 
    #####: 1183:  return 0;
        -: 1184:}
        -: 1185:
     7108: 1186:int updateCoins(int player, struct gameState *state, int bonus)
        -: 1187:{
        -: 1188:  int i;
        -: 1189:	
        -: 1190:  //reset coin count
     7108: 1191:  state->coins = 0;
        -: 1192:
        -: 1193:  //add coins for each Treasure card in player's hand
    37178: 1194:  for (i = 0; i < state->handCount[player]; i++)
        -: 1195:    {
    30070: 1196:      if (state->hand[player][i] == copper)
        -: 1197:	{
    10036: 1198:	  state->coins += 1;
        -: 1199:	}
    20034: 1200:      else if (state->hand[player][i] == silver)
        -: 1201:	{
     7014: 1202:	  state->coins += 2;
        -: 1203:	}
    13020: 1204:      else if (state->hand[player][i] == gold)
        -: 1205:	{
     7011: 1206:	  state->coins += 3;
        -: 1207:	}	
        -: 1208:    }	
        -: 1209:
        -: 1210:  //add bonus
     7108: 1211:  state->coins += bonus;
        -: 1212:
     7108: 1213:  return 0;
        -: 1214:}
        -: 1215:
        -: 1216:
        -: 1217:/*****************************************
        -: 1218:* Refactor functions for card effects
        -: 1219:*****************************************/
        -: 1220:
     1003: 1221:int effectAdventurer(int currentPlayer, int drawntreasure, struct gameState *state, int temphand[MAX_HAND]){
        -: 1222:  int cardDrawn;
     1003: 1223:  int z = 0;
     9027: 1224:  while(drawntreasure<2) {
     7021: 1225:    if (state->deckCount[currentPlayer] <1) {//if the deck is empty we need to shuffle discard and add to deck
     2006: 1226:      shuffle(currentPlayer, state);
        -: 1227:    }
     7021: 1228:    drawCard(currentPlayer, state);
        -: 1229:    //cardDrawn = state->hand[currentPlayer][state->handCount[currentPlayer]-1];//top card of hand is most recently drawn card.
        -: 1230:    /******** Bug ***********/
     7021: 1231:    cardDrawn = state->hand[currentPlayer][state->handCount[currentPlayer]];//top card of hand is most recently drawn card.
     7021: 1232:    if (cardDrawn == copper || cardDrawn == silver || cardDrawn == gold)
     2006: 1233:      drawntreasure++;
        -: 1234:    else {
     5015: 1235:      temphand[z]=cardDrawn;
     5015: 1236:      state->handCount[currentPlayer]--; //this should just remove the top card (the most recently drawn one).
     5015: 1237:      z++;
        -: 1238:    }
        -: 1239:  }
        -: 1240:
     7021: 1241:  while(z-1>=0){
     5015: 1242:    state->discard[currentPlayer][state->discardCount[currentPlayer]++]=temphand[z-1]; // discard all cards in play that have been drawn
     5015: 1243:    z=z-1;
        -: 1244:  }
        -: 1245:
     1003: 1246:  return 0;
        -: 1247:}
        -: 1248:
     2000: 1249:int effectSmithy(struct gameState *state, int currentPlayer, int handPos){
        -: 1250:  int i;
        -: 1251:  //+3 Cards
     8000: 1252:  for (i = 0; i < 3; i++) {
     6000: 1253:    drawCard(currentPlayer, state);
        -: 1254:  }
        -: 1255:    
        -: 1256:  //discard card from hand
        -: 1257:  //discardCard(handPos, currentPlayer, state, 0);
        -: 1258:  /******** Bug ***********/
     2000: 1259:  discardCard(handPos + 1, currentPlayer, state, 0);
     2000: 1260:  return 0;
        -: 1261:}
        -: 1262:
     3051: 1263:int effectCouncilRoom(struct gameState *state, int currentPlayer, int handPos){
        -: 1264:  int i;
        -: 1265:  //+4 Cards
    15255: 1266:  for (i = 0; i < 4; i++) {
    12204: 1267:    drawCard(currentPlayer, state);
        -: 1268:  }
        -: 1269:
        -: 1270:  //+1 Buy
     3051: 1271:  state->numBuys++;
        -: 1272:
        -: 1273:  //Each other player draws a card
     9153: 1274:  for (i = 0; i < state->numPlayers; i++) {
        -: 1275:    //if ( i != currentPlayer ) {
        -: 1276:    /******** Bug ***********/
     6102: 1277:    if ( i == currentPlayer ) {
     3051: 1278:      drawCard(i, state);
        -: 1279:    }
        -: 1280:  }
        -: 1281:
        -: 1282:  //put played card in played card pile
     3051: 1283:  discardCard(handPos, currentPlayer, state, 0);
        -: 1284:
     3051: 1285:  return 0;
        -: 1286:}
        -: 1287:
    #####: 1288:int effectSteward(struct gameState *state, int choice1, int choice2, int choice3, int currentPlayer, int handPos) {
    #####: 1289:  if (choice1 == 1) {
        -: 1290:    //+2 cards
    #####: 1291:    drawCard(currentPlayer, state);
    #####: 1292:    drawCard(currentPlayer, state);
        -: 1293:  }
    #####: 1294:  else if (choice1 == 2) {
        -: 1295:    //+2 coins
    #####: 1296:    state->coins = state->coins + 2;
        -: 1297:  }
        -: 1298:  else {
        -: 1299:    //trash 2 cards in hand
        -: 1300:    //discardCard(choice2, currentPlayer, state, 1);
        -: 1301:    //discardCard(choice3, currentPlayer, state, 1);
        -: 1302:    /******** Bug ***********/
    #####: 1303:    discardCard(choice1, currentPlayer, state, 1);
    #####: 1304:    discardCard(choice1, currentPlayer, state, 1);
        -: 1305:  }
        -: 1306:    
        -: 1307:  //discard card from hand
    #####: 1308:  discardCard(handPos, currentPlayer, state, 0);
        -: 1309:
    #####: 1310:  return 0;
        -: 1311:}
        -: 1312:
    #####: 1313:int effectBaron(struct gameState *state, int choice1, int currentPlayer){
    #####: 1314:  state->numBuys++;//Increase buys by 1!
    #####: 1315:  if (choice1 > 0) {//Boolean true or going to discard an estate
    #####: 1316:    int p = 0;//Iterator for hand!
    #####: 1317:    int card_not_discarded = 1;//Flag for discard set!
    #####: 1318:    while(card_not_discarded) {
    #####: 1319:      if (state->hand[currentPlayer][p] == estate) {//Found an estate card!
    #####: 1320:        state->coins += 4;//Add 4 coins to the amount of coins
    #####: 1321:        state->discard[currentPlayer][state->discardCount[currentPlayer]] = state->hand[currentPlayer][p];
    #####: 1322:        state->discardCount[currentPlayer]++;
    #####: 1323:        for (;p < state->handCount[currentPlayer]; p++) {
    #####: 1324:          state->hand[currentPlayer][p] = state->hand[currentPlayer][p+1];
        -: 1325:        }
    #####: 1326:        state->hand[currentPlayer][state->handCount[currentPlayer]] = -1;
    #####: 1327:        state->handCount[currentPlayer]--;
    #####: 1328:        card_not_discarded = 0;//Exit the loop
        -: 1329:      }
    #####: 1330:      else if (p > state->handCount[currentPlayer]) {
        -: 1331:        if(DEBUG) {
        -: 1332:          printf("No estate cards in your hand, invalid choice\n");
        -: 1333:          printf("Must gain an estate if there are any\n");
        -: 1334:        }
    #####: 1335:        if (supplyCount(estate, state) > 0){
    #####: 1336:          gainCard(estate, state, 0, currentPlayer);
    #####: 1337:          state->supplyCount[estate]--;//Decrement estates
    #####: 1338:          if (supplyCount(estate, state) == 0) {
    #####: 1339:            isGameOver(state);
        -: 1340:          }
        -: 1341:        }
    #####: 1342:        card_not_discarded = 0;//Exit the loop
        -: 1343:      }
        -: 1344:          
        -: 1345:      else{
    #####: 1346:      p++;//Next card
        -: 1347:      }
        -: 1348:    }
        -: 1349:  }
        -: 1350:      
        -: 1351:  else{
    #####: 1352:    if (supplyCount(estate, state) > 0) {
    #####: 1353:      gainCard(estate, state, 0, currentPlayer);//Gain an estate
    #####: 1354:      state->supplyCount[estate]--;//Decrement Estates
    #####: 1355:      if (supplyCount(estate, state) == 0) {
    #####: 1356:        isGameOver(state);
        -: 1357:      }
        -: 1358:    }
        -: 1359:  }
        -: 1360:
    #####: 1361:  return 0;
        -: 1362:}
        -: 1363:
        -: 1364://end of dominion.c
